(/usr/share/texmf/tex/context/base/cont-yes.mkiv

ConTeXt  ver: 2013.05.28 00:36 MKIV current  fmt: 2017.1.20  int: english/english

system          > 'cont-new.mkiv' loaded
(/usr/share/texmf/tex/context/base/cont-new.mkiv)
system          > files > jobname 'resume', input './resume', result 'resume'
fonts           > latin modern fonts are not preloaded
languages       > language 'en' is active
(/srv/shiny-server/resume/resume.tex
colors          > defining > unknown library 'hex'
fonts           > typescripts > unknown library 'loc'
(/usr/share/texmf/tex/context/base/type-imp-texgyre.mkiv){/usr/share/texmf/fonts/map/dvips/lm/lm-math.map}{/usr/share/texmf/fonts/map/dvips/lm/lm-rm.map}{/usr/share/texmf/fonts/map/pdftex/context/mkiv-base.map}
structure       > sectioning > section @ level 3 : 0.0.1 -> Johnny Coder
structure       > sectioning > subsection @ level 4 : 0.0.1.1 -> Education

Overfull \hbox (2.88992pt too wide) in paragraph at lines 87--89
 [][]\3>helvetica-11pt-ss-sl-0--0 The-sis ti-tle: Deep Learn-ing Ap-proaches to the Self-Awe-some-ness Es-ti-ma-tion Prob-

\hbox(8.217+2.398)x483.69687, glue set - 1.0, direction TLT
.\glue(\leftskip) 91.0488
.\whatsit
..\localinterlinepenalty=0
..\localbrokenpenalty=0
..\localleftbox=null
..\localrightbox=null
.\hbox(0.0+0.0)x0.0, direction TLT
.\3>helvetica-11pt-ss-sl-0--0 T
.\3>helvetica-11pt-ss-sl-0--0 h
.etc.

structure       > sectioning > subsection @ level 4 : 0.0.1.2 -> Experience
structure       > sectioning > subsection @ level 4 : 0.0.1.3 -> Technical Experience
backend         > xmp > using file '/usr/share/texmf/tex/context/base/lpdf-pdx.xml'
pages           > flushing realpage 1, userpage 1
structure       > sectioning > subsection @ level 4 : 0.0.1.4 -> Extra Section, Call it Whatever You Want
pages           > flushing realpage 2, userpage 2
 ) )</usr/share/texmf/fonts/opentype/public/lm-math/latinmodernmath-regular.otf></usr/share/texmf/fonts/opentype/public/tex-gyre/texgyreheros-italic.otf></usr/share/texmf/fonts/opentype/public/tex-gyre/texgyreheros-regular.otf></usr/share/texmf/fonts/opentype/public/tex-gyre/texgyreheros-bold.otf>

system          > files > start used files

used files      >    1: filename=cont-yes.mkiv filetype=tex foundname=/usr/share/texmf/tex/context/base/cont-yes.mkiv usedmethod=database
used files      >    2: filename=cont-new.mkiv filetype=tex foundname=/usr/share/texmf/tex/context/base/cont-new.mkiv usedmethod=database
used files      >    3: filename=lang-us.lua filetype=lua foundname=/usr/share/texmf/tex/context/patterns/lang-us.lua usedmethod=database
used files      >    4: filename=/srv/shiny-server/resume/resume.tex foundname=/srv/shiny-server/resume/resume.tex usedmethod=direct
used files      >    5: filename=type-imp-texgyre.mkiv filetype=tex foundname=/usr/share/texmf/tex/context/base/type-imp-texgyre.mkiv usedmethod=database
used files      >    6: filename=lm.lfg filetype=tex foundname=/usr/share/texmf/tex/context/fonts/lm.lfg usedmethod=database
used files      >    7: filename=lm-math.lfg filetype=tex foundname=/usr/share/texmf/tex/context/fonts/lm-math.lfg usedmethod=database
used files      >    8: filename=lm-math.map filetype=map format=map foundname=/usr/share/texmf/fonts/map/dvips/lm/lm-math.map usedmethod=database
used files      >    9: filename=lm-rm.map filetype=map format=map foundname=/usr/share/texmf/fonts/map/dvips/lm/lm-rm.map usedmethod=database
used files      >   10: filename=mkiv-base.map filetype=map format=map foundname=/usr/share/texmf/fonts/map/pdftex/context/mkiv-base.map usedmethod=database
used files      >   11: filename=texgyreheros-regular filetype=otf format=otf foundname=/usr/share/texmf/fonts/opentype/public/tex-gyre/texgyreheros-regular.otf usedmethod=database
used files      >   12: filename=latinmodernmath-regular.otf filetype=opentypefonts foundname=/usr/share/texmf/fonts/opentype/public/lm-math/latinmodernmath-regular.otf usedmethod=database
used files      >   13: filename=latinmodernmath-regular.otf filetype=otf format=otf foundname=/usr/share/texmf/fonts/opentype/public/lm-math/latinmodernmath-regular.otf usedmethod=database
used files      >   14: filename=texgyreheros-bold filetype=otf format=otf foundname=/usr/share/texmf/fonts/opentype/public/tex-gyre/texgyreheros-bold.otf usedmethod=database
used files      >   15: filename=texgyreheros-italic filetype=otf format=otf foundname=/usr/share/texmf/fonts/opentype/public/tex-gyre/texgyreheros-italic.otf usedmethod=database
used files      >   16: filename=lpdf-pdx.xml filetype=tex foundname=/usr/share/texmf/tex/context/base/lpdf-pdx.xml usedmethod=database

system          > files > stop used files


system          > structure > start used structure

used structure  > text: resume

system          > structure > stop used structure


system          > files > start used files

used file       >    1: filename=cont-yes.mkiv filetype=tex foundname=/usr/share/texmf/tex/context/base/cont-yes.mkiv usedmethod=database
used file       >    2: filename=cont-new.mkiv filetype=tex foundname=/usr/share/texmf/tex/context/base/cont-new.mkiv usedmethod=database
used file       >    3: filename=lang-us.lua filetype=lua foundname=/usr/share/texmf/tex/context/patterns/lang-us.lua usedmethod=database
used file       >    4: filename=/srv/shiny-server/resume/resume.tex foundname=/srv/shiny-server/resume/resume.tex usedmethod=direct
used file       >    5: filename=type-imp-texgyre.mkiv filetype=tex foundname=/usr/share/texmf/tex/context/base/type-imp-texgyre.mkiv usedmethod=database
used file       >    6: filename=lm.lfg filetype=tex foundname=/usr/share/texmf/tex/context/fonts/lm.lfg usedmethod=database
used file       >    7: filename=lm-math.lfg filetype=tex foundname=/usr/share/texmf/tex/context/fonts/lm-math.lfg usedmethod=database
used file       >    8: filename=lm-math.map filetype=map format=map foundname=/usr/share/texmf/fonts/map/dvips/lm/lm-math.map usedmethod=database
used file       >    9: filename=lm-rm.map filetype=map format=map foundname=/usr/share/texmf/fonts/map/dvips/lm/lm-rm.map usedmethod=database
used file       >   10: filename=mkiv-base.map filetype=map format=map foundname=/usr/share/texmf/fonts/map/pdftex/context/mkiv-base.map usedmethod=database
used file       >   11: filename=texgyreheros-regular filetype=otf format=otf foundname=/usr/share/texmf/fonts/opentype/public/tex-gyre/texgyreheros-regular.otf usedmethod=database
used file       >   12: filename=latinmodernmath-regular.otf filetype=opentypefonts foundname=/usr/share/texmf/fonts/opentype/public/lm-math/latinmodernmath-regular.otf usedmethod=database
used file       >   13: filename=latinmodernmath-regular.otf filetype=otf format=otf foundname=/usr/share/texmf/fonts/opentype/public/lm-math/latinmodernmath-regular.otf usedmethod=database
used file       >   14: filename=texgyreheros-bold filetype=otf format=otf foundname=/usr/share/texmf/fonts/opentype/public/tex-gyre/texgyreheros-bold.otf usedmethod=database
used file       >   15: filename=texgyreheros-italic filetype=otf format=otf foundname=/usr/share/texmf/fonts/opentype/public/tex-gyre/texgyreheros-italic.otf usedmethod=database
used file       >   16: filename=lpdf-pdx.xml filetype=tex foundname=/usr/share/texmf/tex/context/base/lpdf-pdx.xml usedmethod=database

system          > files > stop used files


system          > options > start commandline options

used option     > currentrun="3"
used option     > fulljobname="./resume.tex"
used option     > input="./resume.tex"
used option     > kindofrun="2"
used option     > maxnofruns="8"
used option     > no-parse-first-line="true"

system          > options > stop commandline options

system          > options > start commandline files

used file       >    1: ./resume.tex

system          > options > stop commandline files



mkiv lua stats  > used config file: selfautodir:/share/texmf/web2c/texmfcnf.lua
mkiv lua stats  > used cache path: /var/lib/texmf/luatex-cache/context/f919750633122078d706dd10f1cfd39b
mkiv lua stats  > resource resolver: loadtime 0.010 seconds, 0 scans with scantime 0.000 seconds, 0 shared scans, 16 found files, scanned paths: <none>
mkiv lua stats  > stored bytecode data: 329 modules (0.133 sec), 69 tables (0.004 sec), 398 chunks (0.136 sec)
mkiv lua stats  > cleaned up reserved nodes: 50 nodes, 9 lists of 441
mkiv lua stats  > node memory usage: 2 glue, 2 penalty, 12 attribute, 38 glue_spec, 3 attribute_list
mkiv lua stats  > node list callback tasks: 6 unique task lists, 6 instances (re)created, 342 calls
mkiv lua stats  > h-node processing time: 0.024 seconds including kernel
mkiv lua stats  > used backend: pdf (backend for directly generating pdf output)
mkiv lua stats  > loaded patterns: en::2, load time: 0.000
mkiv lua stats  > jobdata time: 0.002 seconds saving, 0.001 seconds loading
mkiv lua stats  > callbacks: 703 direct, 648 indirect, 1351 total
mkiv lua stats  > randomizer: resumed with value 0.21424012594588
mkiv lua stats  > lxml preparation time: 0.000 seconds, 0 nodes, 15 lpath calls, 0 cached calls
mkiv lua stats  > interactive elements: 4 references, 10 destinations
mkiv lua stats  > result saved in file: resume.pdf, compresslevel 3, objectcompreslevel 3
mkiv lua stats  > loaded fonts: 4 files: latinmodernmath-regular.otf, texgyreheros-bold.otf, texgyreheros-italic.otf, texgyreheros-regular.otf
mkiv lua stats  > fonts load time: 0.184 seconds 
mkiv lua stats  > pdf annotations: 4 embedded, 4 unique
mkiv lua stats  > luatex banner: this is luatex, version beta-0.76.0-2013121407  (tex live 2013/dev/debian) (rev 4627)
mkiv lua stats  > control sequences: 37682 of 65536 + 100000
mkiv lua stats  > current memory usage: 53 MB (ctx: 53 MB)
mkiv lua stats  > runtime: 0.738 seconds, 2 processed pages, 2 shipped pages, 2.710 pages/second

